
> xfitness-webapp@1.0.0 build
> next build

   ▲ Next.js 15.5.19

   Creating an optimized production build ...
 ✓ Compiled successfully in 33.0s
   Skipping linting
   Checking validity of types ...
   Collecting page data ...
   Generating static pages (0/9) ...
   Generating static pages (2/9) 
   Generating static pages (4/9) 
   Generating static pages (6/9) 
 ✓ Generating static pages (9/9)
   Finalizing page optimization ...
   Collecting build traces ...

Route (app)                                 Size  First Load JS
┌ ○ /                                      174 B         111 kB
├ ○ /_not-found                            994 B         103 kB
├ ƒ /api/flutterwave/verify                123 B         103 kB
├ ○ /book                                3.52 kB         179 kB
├ ○ /dashboard                           1.82 kB         172 kB
├ ○ /login                                 133 B         171 kB
└ ○ /signup                                133 B         171 kB
+ First Load JS shared by all             102 kB
  ├ chunks/255-98a0bdaa30757bda.js       46.2 kB
  ├ chunks/4bd1b696-c023c6e3521b1417.js  54.2 kB
  └ other shared chunks (total)          1.99 kB


○  (Static)   prerendered as static content
ƒ  (Dynamic)  server-rendered on demand

