   ▲ Next.js 15.5.19
   - Environments: .env.local

   Creating an optimized production build ...
 ⚠ Attempted to load @next/swc-win32-x64-msvc, but an error occurred: \\?\C:\Users\user\Desktop\xfitness\node_modules\@next\swc-win32-x64-msvc\next-swc.win32-x64-msvc.node is not a valid Win32 application.
\\?\C:\Users\user\Desktop\xfitness\node_modules\@next\swc-win32-x64-msvc\next-swc.win32-x64-msvc.node
 ⚠ Attempted to load @next/swc-win32-x64-msvc, but an error occurred: \\?\C:\Users\user\Desktop\xfitness\node_modules\@next\swc-win32-x64-msvc\next-swc.win32-x64-msvc.node is not a valid Win32 application.
\\?\C:\Users\user\Desktop\xfitness\node_modules\@next\swc-win32-x64-msvc\next-swc.win32-x64-msvc.node
 ⚠ Attempted to load @next/swc-win32-x64-msvc, but an error occurred: \\?\C:\Users\user\Desktop\xfitness\node_modules\@next\swc-win32-x64-msvc\next-swc.win32-x64-msvc.node is not a valid Win32 application.
\\?\C:\Users\user\Desktop\xfitness\node_modules\@next\swc-win32-x64-msvc\next-swc.win32-x64-msvc.node
 ✓ Compiled successfully in 116s
   Skipping linting
   Checking validity of types ...
   Collecting page data ...
 ⚠ Attempted to load @next/swc-win32-x64-msvc, but an error occurred: \\?\C:\Users\user\Desktop\xfitness\node_modules\@next\swc-win32-x64-msvc\next-swc.win32-x64-msvc.node is not a valid Win32 application.
\\?\C:\Users\user\Desktop\xfitness\node_modules\@next\swc-win32-x64-msvc\next-swc.win32-x64-msvc.node
   Generating static pages (0/9) ...
   Generating static pages (1/9) 
   Generating static pages (2/9) 
   Generating static pages (4/9) 
   Generating static pages (6/9) 
 ✓ Generating static pages (9/9)
   Finalizing page optimization ...
   Collecting build traces ...

Route (app)                                 Size  First Load JS
┌ ○ /                                    4.34 kB         117 kB
├ ○ /_not-found                            994 B         103 kB
├ ƒ /api/flutterwave/verify                123 B         103 kB
├ ○ /book                                3.09 kB         183 kB
├ ○ /dashboard                           4.68 kB         178 kB
├ ○ /login                               1.64 kB         175 kB
└ ○ /signup                              1.64 kB         175 kB
+ First Load JS shared by all             102 kB
  ├ chunks/255-98a0bdaa30757bda.js       46.2 kB
  ├ chunks/4bd1b696-c023c6e3521b1417.js  54.2 kB
  └ other shared chunks (total)          1.99 kB


○  (Static)   prerendered as static content
ƒ  (Dynamic)  server-rendered on demand

